Build started 27/08/2021 0:27:02.
     1>Project "C:\Users\Bruno\OneDrive\Escritorio\UPSA (1)\Semestre 3\Estructura de datos\ordenarmayormenor\ordenarmayormenor\ordenarmayormenor.vcxproj" on node 2 (build target(s)).
     1>InitializeBuildStatus:
         Touching "Debug\ordenarmayormenor.unsuccessfulbuild".
       ClCompile:
         All outputs are up-to-date.
         C:\Program Files (x86)\Microsoft Visual Studio 10.0\VC\bin\CL.exe /c /ZI /nologo /W3 /WX- /Od /Oy- /D WIN32 /D _DEBUG /D _CONSOLE /D _UNICODE /D UNICODE /Gm /EHsc /RTC1 /MDd /GS /fp:precise /Zc:wchar_t /Zc:forScope /Yu"StdAfx.h" /Fp"Debug\ordenarmayormenor.pch" /Fo"Debug\\" /Fd"Debug\vc100.pdb" /Gd /TP /analyze- /errorReport:prompt Ordenar.cpp ordenarmayormenor.cpp
         Ordenar.cpp
         Generating Code...
         Compiling...
         ordenarmayormenor.cpp
     1>c:\users\bruno\onedrive\escritorio\upsa (1)\semestre 3\estructura de datos\ordenarmayormenor\ordenarmayormenor\ordenarmayormenor.cpp(23): warning C4996: 'getch': The POSIX name for this item is deprecated. Instead, use the ISO C++ conformant name: _getch. See online help for details.
                 c:\program files (x86)\microsoft visual studio 10.0\vc\include\conio.h(128) : see declaration of 'getch'
         Generating Code...
       ManifestResourceCompile:
         C:\Program Files (x86)\Microsoft SDKs\Windows\v7.0A\bin\rc.exe /nologo /fo"Debug\ordenarmayormenor.exe.embed.manifest.res" Debug\ordenarmayormenor_manifest.rc 
       Link:
         C:\Program Files (x86)\Microsoft Visual Studio 10.0\VC\bin\link.exe /ERRORREPORT:PROMPT /OUT:"C:\Users\Bruno\OneDrive\Escritorio\UPSA (1)\Semestre 3\Estructura de datos\ordenarmayormenor\Debug\ordenarmayormenor.exe" /INCREMENTAL /NOLOGO kernel32.lib user32.lib gdi32.lib winspool.lib comdlg32.lib advapi32.lib shell32.lib ole32.lib oleaut32.lib uuid.lib odbc32.lib odbccp32.lib /MANIFEST /ManifestFile:"Debug\ordenarmayormenor.exe.intermediate.manifest" /MANIFESTUAC:"level='asInvoker' uiAccess='false'" /DEBUG /PDB:"C:\Users\Bruno\OneDrive\Escritorio\UPSA (1)\Semestre 3\Estructura de datos\ordenarmayormenor\Debug\ordenarmayormenor.pdb" /SUBSYSTEM:CONSOLE /TLBID:1 /DYNAMICBASE /NXCOMPAT /IMPLIB:"C:\Users\Bruno\OneDrive\Escritorio\UPSA (1)\Semestre 3\Estructura de datos\ordenarmayormenor\Debug\ordenarmayormenor.lib" /MACHINE:X86 Debug\ordenarmayormenor.exe.embed.manifest.res
         Debug\Ordenar.obj
         Debug\ordenarmayormenor.obj
         Debug\stdafx.obj
       Manifest:
         C:\Program Files (x86)\Microsoft SDKs\Windows\v7.0A\bin\mt.exe /nologo /verbose /out:"Debug\ordenarmayormenor.exe.embed.manifest" /manifest Debug\ordenarmayormenor.exe.intermediate.manifest
         C:\Program Files (x86)\Microsoft SDKs\Windows\v7.0A\bin\rc.exe /nologo /fo"Debug\ordenarmayormenor.exe.embed.manifest.res" Debug\ordenarmayormenor_manifest.rc 
       LinkEmbedManifest:
         C:\Program Files (x86)\Microsoft Visual Studio 10.0\VC\bin\link.exe /ERRORREPORT:PROMPT /OUT:"C:\Users\Bruno\OneDrive\Escritorio\UPSA (1)\Semestre 3\Estructura de datos\ordenarmayormenor\Debug\ordenarmayormenor.exe" /INCREMENTAL /NOLOGO kernel32.lib user32.lib gdi32.lib winspool.lib comdlg32.lib advapi32.lib shell32.lib ole32.lib oleaut32.lib uuid.lib odbc32.lib odbccp32.lib /MANIFEST /ManifestFile:"Debug\ordenarmayormenor.exe.intermediate.manifest" /MANIFESTUAC:"level='asInvoker' uiAccess='false'" /DEBUG /PDB:"C:\Users\Bruno\OneDrive\Escritorio\UPSA (1)\Semestre 3\Estructura de datos\ordenarmayormenor\Debug\ordenarmayormenor.pdb" /SUBSYSTEM:CONSOLE /TLBID:1 /DYNAMICBASE /NXCOMPAT /IMPLIB:"C:\Users\Bruno\OneDrive\Escritorio\UPSA (1)\Semestre 3\Estructura de datos\ordenarmayormenor\Debug\ordenarmayormenor.lib" /MACHINE:X86 Debug\ordenarmayormenor.exe.embed.manifest.res
         Debug\Ordenar.obj
         Debug\ordenarmayormenor.obj
         Debug\stdafx.obj
         ordenarmayormenor.vcxproj -> C:\Users\Bruno\OneDrive\Escritorio\UPSA (1)\Semestre 3\Estructura de datos\ordenarmayormenor\Debug\ordenarmayormenor.exe
       FinalizeBuildStatus:
         Deleting file "Debug\ordenarmayormenor.unsuccessfulbuild".
         Touching "Debug\ordenarmayormenor.lastbuildstate".
     1>Done Building Project "C:\Users\Bruno\OneDrive\Escritorio\UPSA (1)\Semestre 3\Estructura de datos\ordenarmayormenor\ordenarmayormenor\ordenarmayormenor.vcxproj" (build target(s)).

Build succeeded.

Time Elapsed 00:00:01.86
