Build started 26/08/2021 22:03:03.
     1>Project "C:\Users\Bruno\OneDrive\Escritorio\UPSA (1)\Semestre 3\Estructura de datos\sacarpromedio\sacarpromedio\sacarpromedio.vcxproj" on node 2 (build target(s)).
     1>InitializeBuildStatus:
         Creating "Debug\sacarpromedio.unsuccessfulbuild" because "AlwaysCreate" was specified.
       ClCompile:
         All outputs are up-to-date.
         C:\Program Files (x86)\Microsoft Visual Studio 10.0\VC\bin\CL.exe /c /ZI /nologo /W3 /WX- /Od /Oy- /D WIN32 /D _DEBUG /D _CONSOLE /D _UNICODE /D UNICODE /Gm /EHsc /RTC1 /MDd /GS /fp:precise /Zc:wchar_t /Zc:forScope /Yu"StdAfx.h" /Fp"Debug\sacarpromedio.pch" /Fo"Debug\\" /Fd"Debug\vc100.pdb" /Gd /TP /analyze- /errorReport:prompt sacarpromedio.cpp
         sacarpromedio.cpp
     1>c:\users\bruno\onedrive\escritorio\upsa (1)\semestre 3\estructura de datos\sacarpromedio\sacarpromedio\sacarpromedio.cpp(23): warning C4996: 'getch': The POSIX name for this item is deprecated. Instead, use the ISO C++ conformant name: _getch. See online help for details.
                 c:\program files (x86)\microsoft visual studio 10.0\vc\include\conio.h(128) : see declaration of 'getch'
       ManifestResourceCompile:
         All outputs are up-to-date.
       Link:
         C:\Program Files (x86)\Microsoft Visual Studio 10.0\VC\bin\link.exe /ERRORREPORT:PROMPT /OUT:"C:\Users\Bruno\OneDrive\Escritorio\UPSA (1)\Semestre 3\Estructura de datos\sacarpromedio\Debug\sacarpromedio.exe" /INCREMENTAL /NOLOGO kernel32.lib user32.lib gdi32.lib winspool.lib comdlg32.lib advapi32.lib shell32.lib ole32.lib oleaut32.lib uuid.lib odbc32.lib odbccp32.lib /MANIFEST /ManifestFile:"Debug\sacarpromedio.exe.intermediate.manifest" /MANIFESTUAC:"level='asInvoker' uiAccess='false'" /DEBUG /PDB:"C:\Users\Bruno\OneDrive\Escritorio\UPSA (1)\Semestre 3\Estructura de datos\sacarpromedio\Debug\sacarpromedio.pdb" /SUBSYSTEM:CONSOLE /TLBID:1 /DYNAMICBASE /NXCOMPAT /IMPLIB:"C:\Users\Bruno\OneDrive\Escritorio\UPSA (1)\Semestre 3\Estructura de datos\sacarpromedio\Debug\sacarpromedio.lib" /MACHINE:X86 Debug\sacarpromedio.exe.embed.manifest.res
         Debug\Promedio.obj
         Debug\sacarpromedio.obj
         Debug\stdafx.obj
       Manifest:
         C:\Program Files (x86)\Microsoft SDKs\Windows\v7.0A\bin\mt.exe /nologo /verbose /out:"Debug\sacarpromedio.exe.embed.manifest" /manifest Debug\sacarpromedio.exe.intermediate.manifest
         All outputs are up-to-date.
       LinkEmbedManifest:
         All outputs are up-to-date.
         sacarpromedio.vcxproj -> C:\Users\Bruno\OneDrive\Escritorio\UPSA (1)\Semestre 3\Estructura de datos\sacarpromedio\Debug\sacarpromedio.exe
       FinalizeBuildStatus:
         Deleting file "Debug\sacarpromedio.unsuccessfulbuild".
         Touching "Debug\sacarpromedio.lastbuildstate".
     1>Done Building Project "C:\Users\Bruno\OneDrive\Escritorio\UPSA (1)\Semestre 3\Estructura de datos\sacarpromedio\sacarpromedio\sacarpromedio.vcxproj" (build target(s)).

Build succeeded.

Time Elapsed 00:00:00.99
